<?xml version="1.0" encoding="UTF-8"?>
<!-- Generated by org.testng.reporters.JUnitXMLReporter -->
<testsuite ignored="0" hostname="sowjanya" failures="0" tests="2" name="annotations" time="1.924" errors="0" timestamp="05 Nov 2022 14:05:15 GMT">
  <testcase classname="com.training.tests.LoginTest" name="@BeforeMethod beforeMethod" time="1.885">
    <failure type="java.lang.NullPointerException" message="null value in entry: url=null">
      <![CDATA[java.lang.NullPointerException: null value in entry: url=null
at com.google.common.collect.CollectPreconditions.checkEntryNotNull(CollectPreconditions.java:32)
at com.google.common.collect.SingletonImmutableBiMap.<init>(SingletonImmutableBiMap.java:42)
at com.google.common.collect.ImmutableBiMap.of(ImmutableBiMap.java:72)
at com.google.common.collect.ImmutableMap.of(ImmutableMap.java:124)
at org.openqa.selenium.remote.RemoteWebDriver.get(RemoteWebDriver.java:277)
at com.training.tests.LoginTest.beforeMethod(LoginTest.java:19)
... Removed 28 stack frames]]>
    </failure>
  </testcase> <!-- @BeforeMethod beforeMethod -->
  <testcase classname="com.training.tests.LoginTest" name="@BeforeMethod beforeMethod" time="0.0">
    <skipped/>
  </testcase> <!-- @BeforeMethod beforeMethod -->
  <testcase classname="com.training.tests.LoginTest" name="loginInValidUsernamePassword" time="0.0">
    <skipped/>
  </testcase> <!-- loginInValidUsernamePassword -->
  <testcase classname="com.training.tests.LoginTest" name="loginValidUsernamePassword" time="0.0">
    <skipped/>
  </testcase> <!-- loginValidUsernamePassword -->
</testsuite> <!-- annotations -->
