<?xml version="1.0" encoding="UTF-8"?>
<!-- Generated by org.testng.reporters.JUnitXMLReporter -->
<testsuite hostname="sowjanya" ignored="5" name="Default test" tests="1" failures="0" timestamp="2023-02-18T10:36:05 PST" time="24.845" errors="0">
  <testcase name="selectUserNameforDropdown" time="6.042" classname="com.training.tests.HomeTest"/>
  <testcase name="selectDevelopersConsole" time="0.0" classname="com.training.tests.HomeTest">
    <ignored/>
  </testcase> <!-- selectDevelopersConsole -->
  <testcase name="selectMyProfile" time="0.0" classname="com.training.tests.HomeTest">
    <ignored/>
  </testcase> <!-- selectMyProfile -->
  <testcase name="vallidHomePage" time="0.0" classname="com.training.tests.HomeTest">
    <ignored/>
  </testcase> <!-- vallidHomePage -->
  <testcase name="selectLogout" time="0.0" classname="com.training.tests.HomeTest">
    <ignored/>
  </testcase> <!-- selectLogout -->
  <testcase name="selectMySettings" time="0.0" classname="com.training.tests.HomeTest">
    <ignored/>
  </testcase> <!-- selectMySettings -->
</testsuite> <!-- Default test -->
