<?xml version="1.0" encoding="UTF-8"?>
<!-- Generated by org.testng.reporters.JUnitXMLReporter -->
<testsuite hostname="sowjanya" ignored="4" name="Default test" tests="1" failures="0" timestamp="2023-02-28T16:25:31 PST" time="15.131" errors="0">
  <testcase name="Createnewcontact" time="11.383" classname="com.training.tests.ContactsTest"/>
  <testcase name="forgotPassword" time="0.0" classname="com.training.tests.ContactsTest">
    <ignored/>
  </testcase> <!-- forgotPassword -->
  <testcase name="checkRememberMe" time="0.0" classname="com.training.tests.ContactsTest">
    <ignored/>
  </testcase> <!-- checkRememberMe -->
  <testcase name="invalidUsernamePassword" time="0.0" classname="com.training.tests.ContactsTest">
    <ignored/>
  </testcase> <!-- invalidUsernamePassword -->
  <testcase name="loginAndEnterHome" time="0.0" classname="com.training.tests.ContactsTest">
    <ignored/>
  </testcase> <!-- loginAndEnterHome -->
</testsuite> <!-- Default test -->
