<?xml version="1.0" encoding="UTF-8"?>
<testng-results skipped="0" failed="0" ignored="5" total="6" passed="1">
  <reporter-output>
  </reporter-output>
  <suite name="Default suite" duration-ms="24845" started-at="2023-02-18T10:35:40 PST" finished-at="2023-02-18T10:36:05 PST">
    <groups>
    </groups>
    <test name="Default test" duration-ms="24845" started-at="2023-02-18T10:35:40 PST" finished-at="2023-02-18T10:36:05 PST">
      <class name="com.training.tests.HomeTest">
        <test-method status="PASS" signature="beforeMethod()[pri:0, instance:com.training.tests.HomeTest@29b5cd00]" name="beforeMethod" is-config="true" duration-ms="2350" started-at="2023-02-18T10:35:40 PST" finished-at="2023-02-18T10:35:43 PST">
          <reporter-output>
          </reporter-output>
        </test-method> <!-- beforeMethod -->
        <test-method status="PASS" signature="selectUserNameforDropdown()[pri:0, instance:com.training.tests.HomeTest@29b5cd00]" name="selectUserNameforDropdown" duration-ms="6042" started-at="2023-02-18T10:35:43 PST" finished-at="2023-02-18T10:35:49 PST">
          <reporter-output>
          </reporter-output>
        </test-method> <!-- selectUserNameforDropdown -->
        <test-method status="PASS" signature="teardown()[pri:0, instance:com.training.tests.HomeTest@29b5cd00]" name="teardown" is-config="true" duration-ms="16429" started-at="2023-02-18T10:35:49 PST" finished-at="2023-02-18T10:36:05 PST">
          <reporter-output>
          </reporter-output>
        </test-method> <!-- teardown -->
      </class> <!-- com.training.tests.HomeTest -->
    </test> <!-- Default test -->
  </suite> <!-- Default suite -->
</testng-results>
